<?xml version="1.0" encoding="UTF-8"?>
<!-- Generated by org.testng.reporters.JUnitReportReporter -->
<testsuite hostname="USCWVIQADW0025" name="jira.qa.testcases.JiraLoginData" tests="6" failures="0" timestamp="6 Oct 2015 15:50:23 GMT" time="0.181" errors="0">
  <testcase name="invalid_LoginTest" time="0.013" classname="jira.qa.testcases.JiraLoginData"/>
  <testcase name="valid_LoginTest" time="0.036" classname="jira.qa.testcases.JiraLoginData"/>
  <testcase name="invalid_LoginTest" time="0.013" classname="jira.qa.testcases.JiraLoginData"/>
  <testcase name="valid_LoginTest" time="0.035" classname="jira.qa.testcases.JiraLoginData"/>
  <testcase name="invalid_LoginTest" time="0.032" classname="jira.qa.testcases.JiraLoginData"/>
  <testcase name="valid_LoginTest" time="0.052" classname="jira.qa.testcases.JiraLoginData"/>
</testsuite> <!-- jira.qa.testcases.JiraLoginData -->
