<?xml version="1.0" encoding="UTF-8"?>
<!-- Generated by org.testng.reporters.JUnitReportReporter -->
<testsuite hostname="USCWVIQADW0025" name="jira.qa.testcases.HeaderMethodest" tests="1" failures="0" timestamp="1 Oct 2015 20:35:35 GMT" time="1.169" errors="0">
  <testcase name="header" time="1.169" classname="jira.qa.testcases.HeaderMethodest"/>
</testsuite> <!-- jira.qa.testcases.HeaderMethodest -->
