<?xml version="1.0" encoding="UTF-8"?>
<!-- Generated by org.testng.reporters.JUnitReportReporter -->
<testsuite hostname="USCWVIQADW0025" name="jira.qa.testcases.PostJiraLogin" tests="1" failures="0" timestamp="6 Oct 2015 15:50:23 GMT" time="0.043" errors="0">
  <testcase name="validLogin" time="0.043" classname="jira.qa.testcases.PostJiraLogin"/>
</testsuite> <!-- jira.qa.testcases.PostJiraLogin -->
