<?xml version="1.0" encoding="UTF-8"?>
<!-- Generated by org.testng.reporters.JUnitReportReporter -->
<testsuite hostname="USCWVIQADW0025" name="jira.qa.testcases.GetSessionIngo" tests="1" failures="0" timestamp="6 Oct 2015 15:50:23 GMT" time="0.110" errors="0">
  <testcase name="sessionInfo" time="0.110" classname="jira.qa.testcases.GetSessionIngo"/>
</testsuite> <!-- jira.qa.testcases.GetSessionIngo -->
