<?xml version="1.0" encoding="UTF-8"?>
<!-- Generated by org.testng.reporters.JUnitReportReporter -->
<testsuite hostname="USCWVIQADW0025" name="jira.qa.testcases.GetHeaderCookie" tests="1" failures="0" timestamp="6 Oct 2015 15:52:47 GMT" time="0.043" errors="0">
  <testcase name="header" time="0.043" classname="jira.qa.testcases.GetHeaderCookie"/>
</testsuite> <!-- jira.qa.testcases.GetHeaderCookie -->
