<?xml version="1.0" encoding="UTF-8"?>
<!-- Generated by org.testng.reporters.JUnitReportReporter -->
<testsuite hostname="USCWVIQADW0025" name="jira.qa.testcases.JiraLoginData" tests="6" failures="0" timestamp="6 Oct 2015 15:52:47 GMT" time="0.183" errors="0">
  <testcase name="invalid_LoginTest" time="0.018" classname="jira.qa.testcases.JiraLoginData"/>
  <testcase name="valid_LoginTest" time="0.037" classname="jira.qa.testcases.JiraLoginData"/>
  <testcase name="valid_LoginTest" time="0.043" classname="jira.qa.testcases.JiraLoginData"/>
  <testcase name="valid_LoginTest" time="0.037" classname="jira.qa.testcases.JiraLoginData"/>
  <testcase name="invalid_LoginTest" time="0.011" classname="jira.qa.testcases.JiraLoginData"/>
  <testcase name="invalid_LoginTest" time="0.037" classname="jira.qa.testcases.JiraLoginData"/>
</testsuite> <!-- jira.qa.testcases.JiraLoginData -->
