<?xml version="1.0" encoding="UTF-8"?>
<!-- Generated by org.testng.reporters.JUnitReportReporter -->
<testsuite hostname="USCWVIQADW0025" name="jira.qa.testcases.DeleteJiraLogout" tests="1" failures="0" timestamp="6 Oct 2015 15:52:47 GMT" time="1.742" errors="0">
  <testcase name="logoutJira" time="1.742" classname="jira.qa.testcases.DeleteJiraLogout"/>
</testsuite> <!-- jira.qa.testcases.DeleteJiraLogout -->
